20220629 18:42:07.013 [main] INFO  [SusiApplication:55] - Starting SusiApplication using Java 1.8.0_322 on DESKTOP-5DNAR4R with PID 10780 (C:\Users\yena5\spring\susi\build\classes\java\main started by yena5 in C:\Users\yena5\spring\susi) 
20220629 18:42:07.023 [main] INFO  [SusiApplication:639] - The following profiles are active: oauth 
20220629 18:42:07.948 [main] INFO  [RepositoryConfigurationDelegate:132] - Bootstrapping Spring Data JPA repositories in DEFAULT mode. 
20220629 18:42:08.064 [main] INFO  [RepositoryConfigurationDelegate:201] - Finished Spring Data repository scanning in 106 ms. Found 7 JPA repository interfaces. 
20220629 18:42:08.771 [main] INFO  [TomcatWebServer:108] - Tomcat initialized with port(s): 8080 (http) 
20220629 18:42:08.778 [main] INFO  [Http11NioProtocol:173] - Initializing ProtocolHandler ["http-nio-8080"] 
20220629 18:42:08.779 [main] INFO  [StandardService:173] - Starting service [Tomcat] 
20220629 18:42:08.779 [main] INFO  [StandardEngine:173] - Starting Servlet engine: [Apache Tomcat/9.0.56] 
20220629 18:42:08.874 [main] INFO  [[/]:173] - Initializing Spring embedded WebApplicationContext 
20220629 18:42:08.874 [main] INFO  [ServletWebServerApplicationContext:290] - Root WebApplicationContext: initialization completed in 1769 ms 
20220629 18:42:09.067 [main] INFO  [LogHelper:31] - HHH000204: Processing PersistenceUnitInfo [name: default] 
20220629 18:42:09.110 [main] INFO  [Version:44] - HHH000412: Hibernate ORM core version 5.6.3.Final 
20220629 18:42:09.313 [main] INFO  [Version:56] - HCANN000001: Hibernate Commons Annotations {5.1.2.Final} 
20220629 18:42:09.435 [main] INFO  [HikariDataSource:110] - HikariPool-1 - Starting... 
20220629 18:42:09.495 [main] INFO  [HikariDataSource:123] - HikariPool-1 - Start completed. 
20220629 18:42:09.526 [main] INFO  [Dialect:175] - HHH000400: Using dialect: org.hibernate.dialect.MariaDB106Dialect 
20220629 18:42:10.412 [main] INFO  [JtaPlatformInitiator:52] - HHH000490: Using JtaPlatform implementation: [org.hibernate.engine.transaction.jta.platform.internal.NoJtaPlatform] 
20220629 18:42:10.423 [main] INFO  [LocalContainerEntityManagerFactoryBean:437] - Initialized JPA EntityManagerFactory for persistence unit 'default' 
20220629 18:42:10.487 [main] WARN  [JpaBaseConfiguration$JpaWebConfiguration:219] - spring.jpa.open-in-view is enabled by default. Therefore, database queries may be performed during view rendering. Explicitly configure spring.jpa.open-in-view to disable this warning 
20220629 18:42:12.460 [main] INFO  [DefaultSecurityFilterChain:51] - Will secure any request with [org.springframework.security.web.context.request.async.WebAsyncManagerIntegrationFilter@113d0f75, org.springframework.security.web.context.SecurityContextPersistenceFilter@4e951fb1, org.springframework.security.web.header.HeaderWriterFilter@4119346d, org.springframework.security.web.authentication.logout.LogoutFilter@35af52dc, org.springframework.security.web.savedrequest.RequestCacheAwareFilter@b2da3a5, org.springframework.security.web.servletapi.SecurityContextHolderAwareRequestFilter@16f4a3c0, org.springframework.security.web.authentication.AnonymousAuthenticationFilter@4e10a320, org.springframework.security.web.session.SessionManagementFilter@6d2db15b, org.springframework.security.web.access.ExceptionTranslationFilter@12608986] 
20220629 18:42:12.526 [main] INFO  [Http11NioProtocol:173] - Starting ProtocolHandler ["http-nio-8080"] 
20220629 18:42:12.555 [main] INFO  [TomcatWebServer:220] - Tomcat started on port(s): 8080 (http) with context path '' 
20220629 18:42:12.570 [main] INFO  [SusiApplication:61] - Started SusiApplication in 6.063 seconds (JVM running for 7.92) 
20220629 18:43:14.175 [http-nio-8080-exec-1] INFO  [[/]:173] - Initializing Spring DispatcherServlet 'dispatcherServlet' 
20220629 18:43:14.175 [http-nio-8080-exec-1] INFO  [DispatcherServlet:525] - Initializing Servlet 'dispatcherServlet' 
20220629 18:43:14.176 [http-nio-8080-exec-1] INFO  [DispatcherServlet:547] - Completed initialization in 0 ms 
20220629 19:42:02.086 [SpringApplicationShutdownHook] INFO  [LocalContainerEntityManagerFactoryBean:651] - Closing JPA EntityManagerFactory for persistence unit 'default' 
20220629 19:42:02.089 [SpringApplicationShutdownHook] INFO  [HikariDataSource:350] - HikariPool-1 - Shutdown initiated... 
20220629 19:42:02.093 [SpringApplicationShutdownHook] INFO  [HikariDataSource:352] - HikariPool-1 - Shutdown completed. 
